[ 2016-06-23T19:44:14+08:00 ] ::1 /th/test/paper/paper/super
INFO: [ app_init ] --START--
INFO: Run Behavior\BuildLiteBehavior [ RunTime:0.000000s ]
INFO: [ app_init ] --END-- [ RunTime:0.001000s ]
INFO: [ app_begin ] --START--
INFO: Run Behavior\ReadHtmlCacheBehavior [ RunTime:0.001000s ]
INFO: [ app_begin ] --END-- [ RunTime:0.001000s ]
NOTIC: [8] Use of undefined constant super - assumed 'super' F:\HTML\th\test\Paper\Controller\PaperController.class.php 第 206 行.
SQL: SHOW COLUMNS FROM `connect` [ RunTime:0.0020s ]
SQL: SELECT * FROM `connect` WHERE `super` = 1  [ RunTime:0.0010s ]
NOTIC: [8] Use of undefined constant target - assumed 'target' F:\HTML\th\test\Paper\Controller\PaperController.class.php 第 208 行.
SQL: SELECT * FROM `connect` WHERE `target` = '12' LIMIT 1   [ RunTime:0.0000s ]
SQL: SHOW COLUMNS FROM `bank` [ RunTime:0.0030s ]
SQL: SELECT COUNT(*) AS tp_count FROM `bank` WHERE `target` = '12' LIMIT 1   [ RunTime:0.0270s ]
SQL: SELECT MIN(id) AS tp_min FROM `bank` WHERE `target` = '12' LIMIT 1   [ RunTime:0.0000s ]
SQL: SELECT * FROM `bank` WHERE `target` = '12' AND `id` IN (2147,2154,2159,2174,2178,2186,2200,2207,2213,2222,2232,2245,2255,2261,2266,2278,2292,2296,2306,2315)  [ RunTime:0.0010s ]
NOTIC: [8] Undefined offset: 4 F:\HTML\th\test\Paper\Controller\PaperController.class.php 第 219 行.
NOTIC: [8] Undefined offset: 4 F:\HTML\th\test\Paper\Controller\PaperController.class.php 第 219 行.
NOTIC: [8] Undefined offset: 4 F:\HTML\th\test\Paper\Controller\PaperController.class.php 第 219 行.
NOTIC: [8] Undefined offset: 4 F:\HTML\th\test\Paper\Controller\PaperController.class.php 第 219 行.
NOTIC: [8] Undefined offset: 4 F:\HTML\th\test\Paper\Controller\PaperController.class.php 第 219 行.
NOTIC: [8] Undefined offset: 4 F:\HTML\th\test\Paper\Controller\PaperController.class.php 第 219 行.
NOTIC: [8] Undefined offset: 4 F:\HTML\th\test\Paper\Controller\PaperController.class.php 第 219 行.
NOTIC: [8] Undefined offset: 4 F:\HTML\th\test\Paper\Controller\PaperController.class.php 第 219 行.
NOTIC: [8] Undefined offset: 4 F:\HTML\th\test\Paper\Controller\PaperController.class.php 第 219 行.
NOTIC: [8] Undefined offset: 4 F:\HTML\th\test\Paper\Controller\PaperController.class.php 第 219 行.
NOTIC: [8] Undefined offset: 4 F:\HTML\th\test\Paper\Controller\PaperController.class.php 第 219 行.
NOTIC: [8] Undefined offset: 4 F:\HTML\th\test\Paper\Controller\PaperController.class.php 第 219 行.
NOTIC: [8] Undefined offset: 4 F:\HTML\th\test\Paper\Controller\PaperController.class.php 第 219 行.
NOTIC: [8] Undefined offset: 4 F:\HTML\th\test\Paper\Controller\PaperController.class.php 第 219 行.
NOTIC: [8] Undefined offset: 4 F:\HTML\th\test\Paper\Controller\PaperController.class.php 第 219 行.
NOTIC: [8] Undefined offset: 4 F:\HTML\th\test\Paper\Controller\PaperController.class.php 第 219 行.
NOTIC: [8] Undefined offset: 4 F:\HTML\th\test\Paper\Controller\PaperController.class.php 第 219 行.
NOTIC: [8] Undefined offset: 4 F:\HTML\th\test\Paper\Controller\PaperController.class.php 第 219 行.
NOTIC: [8] Undefined offset: 4 F:\HTML\th\test\Paper\Controller\PaperController.class.php 第 219 行.
NOTIC: [8] Undefined offset: 4 F:\HTML\th\test\Paper\Controller\PaperController.class.php 第 219 行.
NOTIC: [8] Undefined offset: 20 F:\HTML\th\test\Paper\Controller\PaperController.class.php 第 212 行.
NOTIC: [8] Use of undefined constant target - assumed 'target' F:\HTML\th\test\Paper\Controller\PaperController.class.php 第 226 行.
NOTIC: [8] Use of undefined constant name - assumed 'name' F:\HTML\th\test\Paper\Controller\PaperController.class.php 第 227 行.
NOTIC: [8] Undefined index: username F:\HTML\th\test\Paper\Controller\PaperController.class.php 第 228 行.
NOTIC: [8] Undefined index: academy F:\HTML\th\test\Paper\Controller\PaperController.class.php 第 229 行.
INFO: [ view_parse ] --START--
INFO: [ template_filter ] --START--
INFO: Run Behavior\ContentReplaceBehavior [ RunTime:0.001000s ]
INFO: [ template_filter ] --END-- [ RunTime:0.001000s ]
NOTIC: [8] Undefined index: answer_4 F:\HTML\th\test\Runtime\Cache\Paper\c7af72158fdeaaf66b5ea2523c4efc64.php 第 270 行.
NOTIC: [8] Undefined index: answer_4 F:\HTML\th\test\Runtime\Cache\Paper\c7af72158fdeaaf66b5ea2523c4efc64.php 第 270 行.
NOTIC: [8] Undefined index: answer_4 F:\HTML\th\test\Runtime\Cache\Paper\c7af72158fdeaaf66b5ea2523c4efc64.php 第 270 行.
NOTIC: [8] Undefined index: answer_4 F:\HTML\th\test\Runtime\Cache\Paper\c7af72158fdeaaf66b5ea2523c4efc64.php 第 270 行.
NOTIC: [8] Undefined index: answer_4 F:\HTML\th\test\Runtime\Cache\Paper\c7af72158fdeaaf66b5ea2523c4efc64.php 第 270 行.
NOTIC: [8] Undefined index: answer_4 F:\HTML\th\test\Runtime\Cache\Paper\c7af72158fdeaaf66b5ea2523c4efc64.php 第 270 行.
NOTIC: [8] Undefined index: answer_4 F:\HTML\th\test\Runtime\Cache\Paper\c7af72158fdeaaf66b5ea2523c4efc64.php 第 270 行.
NOTIC: [8] Undefined index: answer_4 F:\HTML\th\test\Runtime\Cache\Paper\c7af72158fdeaaf66b5ea2523c4efc64.php 第 270 行.
NOTIC: [8] Undefined index: answer_4 F:\HTML\th\test\Runtime\Cache\Paper\c7af72158fdeaaf66b5ea2523c4efc64.php 第 270 行.
NOTIC: [8] Undefined index: answer_4 F:\HTML\th\test\Runtime\Cache\Paper\c7af72158fdeaaf66b5ea2523c4efc64.php 第 270 行.
NOTIC: [8] Undefined index: answer_4 F:\HTML\th\test\Runtime\Cache\Paper\c7af72158fdeaaf66b5ea2523c4efc64.php 第 270 行.
NOTIC: [8] Undefined index: answer_4 F:\HTML\th\test\Runtime\Cache\Paper\c7af72158fdeaaf66b5ea2523c4efc64.php 第 270 行.
NOTIC: [8] Undefined index: answer_4 F:\HTML\th\test\Runtime\Cache\Paper\c7af72158fdeaaf66b5ea2523c4efc64.php 第 270 行.
NOTIC: [8] Undefined index: answer_4 F:\HTML\th\test\Runtime\Cache\Paper\c7af72158fdeaaf66b5ea2523c4efc64.php 第 270 行.
NOTIC: [8] Undefined index: answer_4 F:\HTML\th\test\Runtime\Cache\Paper\c7af72158fdeaaf66b5ea2523c4efc64.php 第 270 行.
NOTIC: [8] Undefined index: answer_4 F:\HTML\th\test\Runtime\Cache\Paper\c7af72158fdeaaf66b5ea2523c4efc64.php 第 270 行.
NOTIC: [8] Undefined index: answer_4 F:\HTML\th\test\Runtime\Cache\Paper\c7af72158fdeaaf66b5ea2523c4efc64.php 第 270 行.
NOTIC: [8] Undefined index: answer_4 F:\HTML\th\test\Runtime\Cache\Paper\c7af72158fdeaaf66b5ea2523c4efc64.php 第 270 行.
NOTIC: [8] Undefined index: answer_4 F:\HTML\th\test\Runtime\Cache\Paper\c7af72158fdeaaf66b5ea2523c4efc64.php 第 270 行.
NOTIC: [8] Undefined index: answer_4 F:\HTML\th\test\Runtime\Cache\Paper\c7af72158fdeaaf66b5ea2523c4efc64.php 第 270 行.
INFO: Run Behavior\ParseTemplateBehavior [ RunTime:0.015001s ]
INFO: [ view_parse ] --END-- [ RunTime:0.015001s ]
INFO: [ view_filter ] --START--
INFO: Run Behavior\WriteHtmlCacheBehavior [ RunTime:0.001000s ]
INFO: [ view_filter ] --END-- [ RunTime:0.001000s ]
INFO: [ app_end ] --START--
INFO: Run Behavior\ShowPageTraceBehavior [ RunTime:0.001000s ]
INFO: [ app_end ] --END-- [ RunTime:0.001000s ]

