[ 2016-10-16T21:49:19+08:00 ] ::1 /test/paper/paper/paper
INFO: [ app_init ] --START--
INFO: Run Behavior\BuildLiteBehavior [ RunTime:0.000000s ]
INFO: [ app_init ] --END-- [ RunTime:0.000000s ]
INFO: [ app_begin ] --START--
INFO: Run Behavior\ReadHtmlCacheBehavior [ RunTime:0.000000s ]
INFO: [ app_begin ] --END-- [ RunTime:0.000000s ]
NOTIC: [8] Use of undefined constant open_1 - assumed 'open_1' F:\HTML\test\Paper\Controller\PaperController.class.php 第 6 行.
SQL: SHOW COLUMNS FROM `connect` [ RunTime:0.0230s ]
SQL: SELECT * FROM `connect` WHERE `open_1` = 1  [ RunTime:0.0010s ]
NOTIC: [8] Use of undefined constant target - assumed 'target' F:\HTML\test\Paper\Controller\PaperController.class.php 第 8 行.
SQL: SHOW COLUMNS FROM `bank` [ RunTime:0.0260s ]
SQL: SELECT COUNT(*) AS tp_count FROM `bank` WHERE `target` = '11' LIMIT 1   [ RunTime:0.0100s ]
SQL: SELECT MIN(id) AS tp_min FROM `bank` WHERE `target` = '11' LIMIT 1   [ RunTime:0.0010s ]
SQL: SELECT * FROM `bank` WHERE `target` = '11' AND `id` IN (1903,1911,1925,1930,1945,1960,1965,1986,1995,2007,2023,2029,2047,2056,2060,2074,2088,2103,2113,2120)  [ RunTime:0.0000s ]
NOTIC: [8] Undefined offset: 4 F:\HTML\test\Paper\Controller\PaperController.class.php 第 19 行.
NOTIC: [8] Undefined offset: 4 F:\HTML\test\Paper\Controller\PaperController.class.php 第 19 行.
NOTIC: [8] Undefined offset: 4 F:\HTML\test\Paper\Controller\PaperController.class.php 第 19 行.
NOTIC: [8] Undefined offset: 4 F:\HTML\test\Paper\Controller\PaperController.class.php 第 19 行.
NOTIC: [8] Undefined offset: 4 F:\HTML\test\Paper\Controller\PaperController.class.php 第 19 行.
NOTIC: [8] Undefined offset: 4 F:\HTML\test\Paper\Controller\PaperController.class.php 第 19 行.
NOTIC: [8] Undefined offset: 4 F:\HTML\test\Paper\Controller\PaperController.class.php 第 19 行.
NOTIC: [8] Undefined offset: 4 F:\HTML\test\Paper\Controller\PaperController.class.php 第 19 行.
NOTIC: [8] Undefined offset: 4 F:\HTML\test\Paper\Controller\PaperController.class.php 第 19 行.
NOTIC: [8] Undefined offset: 4 F:\HTML\test\Paper\Controller\PaperController.class.php 第 19 行.
NOTIC: [8] Undefined offset: 4 F:\HTML\test\Paper\Controller\PaperController.class.php 第 19 行.
NOTIC: [8] Undefined offset: 4 F:\HTML\test\Paper\Controller\PaperController.class.php 第 19 行.
NOTIC: [8] Undefined offset: 4 F:\HTML\test\Paper\Controller\PaperController.class.php 第 19 行.
NOTIC: [8] Undefined offset: 4 F:\HTML\test\Paper\Controller\PaperController.class.php 第 19 行.
NOTIC: [8] Undefined offset: 4 F:\HTML\test\Paper\Controller\PaperController.class.php 第 19 行.
NOTIC: [8] Undefined offset: 4 F:\HTML\test\Paper\Controller\PaperController.class.php 第 19 行.
NOTIC: [8] Undefined offset: 4 F:\HTML\test\Paper\Controller\PaperController.class.php 第 19 行.
NOTIC: [8] Undefined offset: 4 F:\HTML\test\Paper\Controller\PaperController.class.php 第 19 行.
NOTIC: [8] Undefined offset: 4 F:\HTML\test\Paper\Controller\PaperController.class.php 第 19 行.
NOTIC: [8] Undefined offset: 4 F:\HTML\test\Paper\Controller\PaperController.class.php 第 19 行.
NOTIC: [8] Undefined offset: 20 F:\HTML\test\Paper\Controller\PaperController.class.php 第 12 行.
NOTIC: [8] Use of undefined constant target - assumed 'target' F:\HTML\test\Paper\Controller\PaperController.class.php 第 26 行.
NOTIC: [8] Undefined index: username F:\HTML\test\Paper\Controller\PaperController.class.php 第 28 行.
NOTIC: [8] Undefined index: usernumber F:\HTML\test\Paper\Controller\PaperController.class.php 第 29 行.
INFO: [ view_parse ] --START--
INFO: [ template_filter ] --START--
INFO: Run Behavior\ContentReplaceBehavior [ RunTime:0.000000s ]
INFO: [ template_filter ] --END-- [ RunTime:0.001000s ]
NOTIC: [8] Undefined index: answer_4 F:\HTML\test\Runtime\Cache\Paper\485a079d338615a0338d2548a3a16aa4.php 第 434 行.
NOTIC: [8] Undefined index: answer_4 F:\HTML\test\Runtime\Cache\Paper\485a079d338615a0338d2548a3a16aa4.php 第 434 行.
NOTIC: [8] Undefined index: answer_4 F:\HTML\test\Runtime\Cache\Paper\485a079d338615a0338d2548a3a16aa4.php 第 434 行.
NOTIC: [8] Undefined index: answer_4 F:\HTML\test\Runtime\Cache\Paper\485a079d338615a0338d2548a3a16aa4.php 第 434 行.
NOTIC: [8] Undefined index: answer_4 F:\HTML\test\Runtime\Cache\Paper\485a079d338615a0338d2548a3a16aa4.php 第 434 行.
NOTIC: [8] Undefined index: answer_4 F:\HTML\test\Runtime\Cache\Paper\485a079d338615a0338d2548a3a16aa4.php 第 434 行.
NOTIC: [8] Undefined index: answer_4 F:\HTML\test\Runtime\Cache\Paper\485a079d338615a0338d2548a3a16aa4.php 第 434 行.
NOTIC: [8] Undefined index: answer_4 F:\HTML\test\Runtime\Cache\Paper\485a079d338615a0338d2548a3a16aa4.php 第 434 行.
NOTIC: [8] Undefined index: answer_4 F:\HTML\test\Runtime\Cache\Paper\485a079d338615a0338d2548a3a16aa4.php 第 434 行.
NOTIC: [8] Undefined index: answer_4 F:\HTML\test\Runtime\Cache\Paper\485a079d338615a0338d2548a3a16aa4.php 第 434 行.
NOTIC: [8] Undefined index: answer_4 F:\HTML\test\Runtime\Cache\Paper\485a079d338615a0338d2548a3a16aa4.php 第 434 行.
NOTIC: [8] Undefined index: answer_4 F:\HTML\test\Runtime\Cache\Paper\485a079d338615a0338d2548a3a16aa4.php 第 434 行.
NOTIC: [8] Undefined index: answer_4 F:\HTML\test\Runtime\Cache\Paper\485a079d338615a0338d2548a3a16aa4.php 第 434 行.
NOTIC: [8] Undefined index: answer_4 F:\HTML\test\Runtime\Cache\Paper\485a079d338615a0338d2548a3a16aa4.php 第 434 行.
NOTIC: [8] Undefined index: answer_4 F:\HTML\test\Runtime\Cache\Paper\485a079d338615a0338d2548a3a16aa4.php 第 434 行.
NOTIC: [8] Undefined index: answer_4 F:\HTML\test\Runtime\Cache\Paper\485a079d338615a0338d2548a3a16aa4.php 第 434 行.
NOTIC: [8] Undefined index: answer_4 F:\HTML\test\Runtime\Cache\Paper\485a079d338615a0338d2548a3a16aa4.php 第 434 行.
NOTIC: [8] Undefined index: answer_4 F:\HTML\test\Runtime\Cache\Paper\485a079d338615a0338d2548a3a16aa4.php 第 434 行.
NOTIC: [8] Undefined index: answer_4 F:\HTML\test\Runtime\Cache\Paper\485a079d338615a0338d2548a3a16aa4.php 第 434 行.
NOTIC: [8] Undefined index: answer_4 F:\HTML\test\Runtime\Cache\Paper\485a079d338615a0338d2548a3a16aa4.php 第 434 行.
INFO: Run Behavior\ParseTemplateBehavior [ RunTime:0.013001s ]
INFO: [ view_parse ] --END-- [ RunTime:0.013001s ]
INFO: [ view_filter ] --START--
INFO: Run Behavior\WriteHtmlCacheBehavior [ RunTime:0.001000s ]
INFO: [ view_filter ] --END-- [ RunTime:0.001000s ]
INFO: [ app_end ] --START--
INFO: Run Behavior\ShowPageTraceBehavior [ RunTime:0.000000s ]
INFO: [ app_end ] --END-- [ RunTime:0.000000s ]

